c:\users\zhe\documents\github\qtree\qtree_vsproj\qtree\qtree\debug\analyticformulae.obj
c:\users\zhe\documents\github\qtree\qtree_vsproj\qtree\qtree\debug\main.obj
c:\users\zhe\documents\github\qtree\qtree_vsproj\qtree\qtree\debug\mylogger.obj
c:\users\zhe\documents\github\qtree\qtree_vsproj\qtree\qtree\debug\node.obj
c:\users\zhe\documents\github\qtree\qtree_vsproj\qtree\qtree\debug\path.obj
c:\users\zhe\documents\github\qtree\qtree_vsproj\qtree\qtree\debug\timeslice.obj
c:\users\zhe\documents\github\qtree\qtree_vsproj\qtree\qtree\debug\vc110.pdb
c:\users\zhe\documents\github\qtree\qtree_vsproj\qtree\debug\qtree.ilk
c:\users\zhe\documents\github\qtree\qtree_vsproj\qtree\debug\qtree.exe
c:\users\zhe\documents\github\qtree\qtree_vsproj\qtree\debug\qtree.pdb
c:\users\zhe-sichen\documents\github\qtree\qtree_vsproj\qtree\qtree\debug\vc120.pdb
c:\users\zhe-sichen\documents\github\qtree\qtree_vsproj\qtree\qtree\debug\vc120.idb
c:\users\zhe-sichen\documents\github\qtree\qtree_vsproj\qtree\qtree\debug\analyticformulae.obj
c:\users\zhe-sichen\documents\github\qtree\qtree_vsproj\qtree\qtree\debug\mylogger.obj
c:\users\zhe-sichen\documents\github\qtree\qtree_vsproj\qtree\qtree\debug\node.obj
c:\users\zhe-sichen\documents\github\qtree\qtree_vsproj\qtree\qtree\debug\path.obj
c:\users\zhe-sichen\documents\github\qtree\qtree_vsproj\qtree\qtree\debug\timeslice.obj
c:\users\zhe-sichen\documents\github\qtree\qtree_vsproj\qtree\qtree\debug\main.obj
c:\users\zhe-sichen\documents\github\qtree\qtree_vsproj\qtree\debug\qtree.ilk
c:\users\zhe-sichen\documents\github\qtree\qtree_vsproj\qtree\debug\qtree.exe
c:\users\zhe-sichen\documents\github\qtree\qtree_vsproj\qtree\debug\qtree.pdb
c:\users\hfsladmin\documents\github\qtree\qtree_vsproj\qtree\qtree\debug\analyticformulae.obj
c:\users\hfsladmin\documents\github\qtree\qtree_vsproj\qtree\qtree\debug\main.obj
c:\users\hfsladmin\documents\github\qtree\qtree_vsproj\qtree\qtree\debug\mylogger.obj
c:\users\hfsladmin\documents\github\qtree\qtree_vsproj\qtree\qtree\debug\node.obj
c:\users\hfsladmin\documents\github\qtree\qtree_vsproj\qtree\qtree\debug\path.obj
c:\users\hfsladmin\documents\github\qtree\qtree_vsproj\qtree\qtree\debug\timeslice.obj
c:\users\hfsladmin\documents\github\qtree\qtree_vsproj\qtree\qtree\debug\cl.command.1.tlog
c:\users\hfsladmin\documents\github\qtree\qtree_vsproj\qtree\qtree\debug\cl.read.1.tlog
c:\users\hfsladmin\documents\github\qtree\qtree_vsproj\qtree\qtree\debug\cl.write.1.tlog
c:\users\hfsladmin\documents\github\qtree\qtree_vsproj\qtree\qtree\debug\link-cvtres.read.1.tlog
c:\users\hfsladmin\documents\github\qtree\qtree_vsproj\qtree\qtree\debug\link-cvtres.write.1.tlog
c:\users\hfsladmin\documents\github\qtree\qtree_vsproj\qtree\qtree\debug\link-rc.read.1.tlog
c:\users\hfsladmin\documents\github\qtree\qtree_vsproj\qtree\qtree\debug\link-rc.write.1.tlog
c:\users\hfsladmin\documents\github\qtree\qtree_vsproj\qtree\qtree\debug\link.6208-cvtres.read.1.tlog
c:\users\hfsladmin\documents\github\qtree\qtree_vsproj\qtree\qtree\debug\link.6208-cvtres.write.1.tlog
c:\users\hfsladmin\documents\github\qtree\qtree_vsproj\qtree\qtree\debug\link.6208-rc.read.1.tlog
c:\users\hfsladmin\documents\github\qtree\qtree_vsproj\qtree\qtree\debug\link.6208-rc.write.1.tlog
c:\users\hfsladmin\documents\github\qtree\qtree_vsproj\qtree\qtree\debug\link.6208.read.1.tlog
c:\users\hfsladmin\documents\github\qtree\qtree_vsproj\qtree\qtree\debug\link.6208.write.1.tlog
c:\users\hfsladmin\documents\github\qtree\qtree_vsproj\qtree\qtree\debug\link.command.1.tlog
c:\users\hfsladmin\documents\github\qtree\qtree_vsproj\qtree\qtree\debug\link.read.1.tlog
c:\users\hfsladmin\documents\github\qtree\qtree_vsproj\qtree\qtree\debug\link.write.1.tlog
c:\users\hfsladmin\documents\github\qtree\qtree_vsproj\qtree\qtree\debug\vc110.idb
c:\users\hfsladmin\documents\github\qtree\qtree_vsproj\qtree\qtree\debug\vc120.idb
c:\users\hfsladmin\documents\github\qtree\qtree_vsproj\qtree\qtree\debug\vc110.pdb
c:\users\hfsladmin\documents\github\qtree\qtree_vsproj\qtree\qtree\debug\vc120.pdb
c:\users\hfsladmin\documents\github\qtree\qtree_vsproj\qtree\debug\qtree.pdb
c:\users\hfsladmin\documents\github\qtree\qtree_vsproj\qtree\debug\qtree.exe
c:\users\hfsladmin\documents\github\qtree\qtree_vsproj\qtree\debug\qtree.ilk
c:\users\hfsladmin\documents\github\qtree\qtree_vsproj\qtree\qtree\debug\qtree.tlog\cl.command.1.tlog
c:\users\hfsladmin\documents\github\qtree\qtree_vsproj\qtree\qtree\debug\qtree.tlog\cl.read.1.tlog
c:\users\hfsladmin\documents\github\qtree\qtree_vsproj\qtree\qtree\debug\qtree.tlog\cl.write.1.tlog
c:\users\hfsladmin\documents\github\qtree\qtree_vsproj\qtree\qtree\debug\qtree.tlog\link.command.1.tlog
c:\users\hfsladmin\documents\github\qtree\qtree_vsproj\qtree\qtree\debug\qtree.tlog\link.read.1.tlog
c:\users\hfsladmin\documents\github\qtree\qtree_vsproj\qtree\qtree\debug\qtree.tlog\link.write.1.tlog
